<?xml version="1.0" encoding="UTF-8"?>
<!-- Generated by org.testng.reporters.JUnitXMLReporter -->
<testsuite ignored="1" hostname="Rabi-Probook" failures="0" tests="1" name="Default test" time="45.074" errors="0" timestamp="2026-03-24T20:43:28 IST">
  <testcase classname="Tests.CheckoutPageTest" name="testforValidInputs" time="8.859"/>
  <testcase classname="Tests.CheckoutPageTest" name="testMissingDetails" time="0.0">
    <ignored/>
  </testcase> <!-- testMissingDetails -->
</testsuite> <!-- Default test -->
