<?xml version="1.0" encoding="UTF-8"?>
<!-- Generated by org.testng.reporters.JUnitXMLReporter -->
<testsuite ignored="0" hostname="Rabi-Probook" failures="0" tests="10" name="Default test" time="16.248" errors="0" timestamp="2026-03-29T11:10:59 IST">
  <testcase classname="com.TestFiles.ContactListApplication" name="testAddNewUser" time="4.706"/>
  <testcase classname="com.TestFiles.ContactListApplication" name="testGetUserProfile" time="1.31"/>
  <testcase classname="com.TestFiles.ContactListApplication" name="testUpdateUser" time="1.249"/>
  <testcase classname="com.TestFiles.ContactListApplication" name="testLoginUser" time="1.287"/>
  <testcase classname="com.TestFiles.ContactListApplication" name="testAddContact" time="1.274"/>
  <testcase classname="com.TestFiles.ContactListApplication" name="testGetContactList" time="1.33"/>
  <testcase classname="com.TestFiles.ContactListApplication" name="testGetContact" time="1.276"/>
  <testcase classname="com.TestFiles.ContactListApplication" name="testUpdateContact" time="1.252"/>
  <testcase classname="com.TestFiles.ContactListApplication" name="testPartialUpdateContact" time="1.236"/>
  <testcase classname="com.TestFiles.ContactListApplication" name="testLogoutUser" time="1.219"/>
</testsuite> <!-- Default test -->
