<?xml version="1.0" encoding="UTF-8"?>
<!-- Generated by org.testng.reporters.JUnitXMLReporter -->
<testsuite ignored="0" hostname="Rabi-Probook" failures="0" tests="11" name="Test" time="234.747" errors="0" timestamp="2026-03-24T12:52:03 IST">
  <testcase classname="Tests.LoginPageTest" name="testInvalidUsernameAndPassorwd" time="3.274"/>
  <testcase classname="Tests.LoginPageTest" name="testInvaliduserName" time="2.767"/>
  <testcase classname="Tests.LoginPageTest" name="testInvalidPassword" time="2.858"/>
  <testcase classname="Tests.LoginPageTest" name="testValidLogin" time="1.39"/>
  <testcase classname="Tests.ProductPageTest" name="testProductPage" time="1.393"/>
  <testcase classname="Tests.CartPageTest" name="testforEmptyCart" time="4.236"/>
  <testcase classname="Tests.CartPageTest" name="testforMultipleProducts" time="8.26"/>
  <testcase classname="Tests.CartPageTest" name="testforRemoveProduct" time="10.472"/>
  <testcase classname="Tests.CartPageTest" name="testforSingleProduct" time="4.21"/>
  <testcase classname="Tests.CheckoutPageTest" name="testMissingDetails" time="6.735"/>
  <testcase classname="Tests.CheckoutPageTest" name="testforValidInputs" time="7.118"/>
</testsuite> <!-- Test -->
