<?xml version="1.0" encoding="UTF-8"?>
<!-- Generated by org.testng.reporters.JUnitXMLReporter -->
<testsuite ignored="0" hostname="Rabi-Probook" failures="0" tests="10" name="Test" time="16.191" errors="0" timestamp="2026-03-28T20:16:17 IST">
  <testcase classname="com.TestFiles.ContactListApplication" name="testAddNewUser" time="4.99"/>
  <testcase classname="com.TestFiles.ContactListApplication" name="testGetUserProfile" time="1.214"/>
  <testcase classname="com.TestFiles.ContactListApplication" name="testUpdateUser" time="1.174"/>
  <testcase classname="com.TestFiles.ContactListApplication" name="testLoginUser" time="1.256"/>
  <testcase classname="com.TestFiles.ContactListApplication" name="testAddContact" time="1.263"/>
  <testcase classname="com.TestFiles.ContactListApplication" name="testGetContactList" time="1.207"/>
  <testcase classname="com.TestFiles.ContactListApplication" name="testGetContact" time="1.2"/>
  <testcase classname="com.TestFiles.ContactListApplication" name="testUpdateContact" time="1.277"/>
  <testcase classname="com.TestFiles.ContactListApplication" name="testPartialUpdateContact" time="1.273"/>
  <testcase classname="com.TestFiles.ContactListApplication" name="testLogoutUser" time="1.207"/>
</testsuite> <!-- Test -->
