<?xml version="1.0" encoding="UTF-8"?>
<testng-results ignored="0" total="10" passed="10" failed="0" skipped="0">
  <reporter-output>
  </reporter-output>
  <suite started-at="2026-03-29T11:10:43 IST" name="Default suite" finished-at="2026-03-29T11:10:59 IST" duration-ms="16248">
    <groups>
    </groups>
    <test started-at="2026-03-29T11:10:43 IST" name="Default test" finished-at="2026-03-29T11:10:59 IST" duration-ms="16248">
      <class name="com.TestFiles.ContactListApplication">
        <test-method signature="testAddNewUser()[pri:1, instance:com.TestFiles.ContactListApplication@69b2283a]" started-at="2026-03-29T11:10:43 IST" name="testAddNewUser" finished-at="2026-03-29T11:10:48 IST" duration-ms="4706" status="PASS">
          <reporter-output>
          </reporter-output>
        </test-method> <!-- testAddNewUser -->
        <test-method signature="testGetUserProfile()[pri:2, instance:com.TestFiles.ContactListApplication@69b2283a]" started-at="2026-03-29T11:10:48 IST" name="testGetUserProfile" finished-at="2026-03-29T11:10:49 IST" depends-on-methods="com.TestFiles.ContactListApplication.testAddNewUser" duration-ms="1310" status="PASS">
          <reporter-output>
          </reporter-output>
        </test-method> <!-- testGetUserProfile -->
        <test-method signature="testUpdateUser()[pri:3, instance:com.TestFiles.ContactListApplication@69b2283a]" started-at="2026-03-29T11:10:49 IST" name="testUpdateUser" finished-at="2026-03-29T11:10:50 IST" depends-on-methods="com.TestFiles.ContactListApplication.testAddNewUser" duration-ms="1249" status="PASS">
          <reporter-output>
          </reporter-output>
        </test-method> <!-- testUpdateUser -->
        <test-method signature="testLoginUser()[pri:4, instance:com.TestFiles.ContactListApplication@69b2283a]" started-at="2026-03-29T11:10:50 IST" name="testLoginUser" finished-at="2026-03-29T11:10:52 IST" duration-ms="1287" status="PASS">
          <reporter-output>
          </reporter-output>
        </test-method> <!-- testLoginUser -->
        <test-method signature="testAddContact()[pri:5, instance:com.TestFiles.ContactListApplication@69b2283a]" started-at="2026-03-29T11:10:52 IST" name="testAddContact" finished-at="2026-03-29T11:10:53 IST" depends-on-methods="com.TestFiles.ContactListApplication.testLoginUser" duration-ms="1274" status="PASS">
          <reporter-output>
          </reporter-output>
        </test-method> <!-- testAddContact -->
        <test-method signature="testGetContactList()[pri:6, instance:com.TestFiles.ContactListApplication@69b2283a]" started-at="2026-03-29T11:10:53 IST" name="testGetContactList" finished-at="2026-03-29T11:10:54 IST" depends-on-methods="com.TestFiles.ContactListApplication.testLoginUser" duration-ms="1330" status="PASS">
          <reporter-output>
          </reporter-output>
        </test-method> <!-- testGetContactList -->
        <test-method signature="testGetContact()[pri:7, instance:com.TestFiles.ContactListApplication@69b2283a]" started-at="2026-03-29T11:10:54 IST" name="testGetContact" finished-at="2026-03-29T11:10:55 IST" depends-on-methods="com.TestFiles.ContactListApplication.testAddContact" duration-ms="1276" status="PASS">
          <reporter-output>
          </reporter-output>
        </test-method> <!-- testGetContact -->
        <test-method signature="testUpdateContact()[pri:8, instance:com.TestFiles.ContactListApplication@69b2283a]" started-at="2026-03-29T11:10:55 IST" name="testUpdateContact" finished-at="2026-03-29T11:10:57 IST" depends-on-methods="com.TestFiles.ContactListApplication.testAddContact" duration-ms="1252" status="PASS">
          <reporter-output>
          </reporter-output>
        </test-method> <!-- testUpdateContact -->
        <test-method signature="testPartialUpdateContact()[pri:9, instance:com.TestFiles.ContactListApplication@69b2283a]" started-at="2026-03-29T11:10:57 IST" name="testPartialUpdateContact" finished-at="2026-03-29T11:10:58 IST" depends-on-methods="com.TestFiles.ContactListApplication.testUpdateContact" duration-ms="1236" status="PASS">
          <reporter-output>
          </reporter-output>
        </test-method> <!-- testPartialUpdateContact -->
        <test-method signature="testLogoutUser()[pri:10, instance:com.TestFiles.ContactListApplication@69b2283a]" started-at="2026-03-29T11:10:58 IST" name="testLogoutUser" finished-at="2026-03-29T11:10:59 IST" duration-ms="1219" status="PASS">
          <reporter-output>
          </reporter-output>
        </test-method> <!-- testLogoutUser -->
      </class> <!-- com.TestFiles.ContactListApplication -->
    </test> <!-- Default test -->
  </suite> <!-- Default suite -->
</testng-results>
