<?xml version="1.0" encoding="UTF-8"?>
<testng-results ignored="0" total="2" passed="2" failed="0" skipped="0">
  <reporter-output>
  </reporter-output>
  <suite started-at="2026-03-21T17:14:22 IST" name="Suite" finished-at="2026-03-21T17:14:59 IST" duration-ms="37190">
    <groups>
    </groups>
    <test started-at="2026-03-21T17:14:22 IST" name="Test" finished-at="2026-03-21T17:14:59 IST" duration-ms="37190">
      <class name="com.blazedemo.tests.FlightBookingTest">
        <test-method is-config="true" signature="setup()[pri:0, instance:com.blazedemo.tests.FlightBookingTest@742ff096]" started-at="2026-03-21T17:14:22 IST" name="setup" finished-at="2026-03-21T17:14:36 IST" duration-ms="14542" status="PASS">
          <reporter-output>
          </reporter-output>
        </test-method> <!-- setup -->
        <test-method signature="testBookingflight(java.lang.String,java.lang.String,java.lang.String,java.lang.String,java.lang.String,java.lang.String,java.lang.String,java.lang.String)[pri:0, instance:com.blazedemo.tests.FlightBookingTest@742ff096]" started-at="2026-03-21T17:14:36 IST" name="testBookingflight" data-provider="userData" finished-at="2026-03-21T17:14:43 IST" duration-ms="7181" status="PASS">
          <params>
            <param index="0">
              <value>
                <![CDATA[John]]>
              </value>
            </param>
            <param index="1">
              <value>
                <![CDATA[123 Main St]]>
              </value>
            </param>
            <param index="2">
              <value>
                <![CDATA[New York]]>
              </value>
            </param>
            <param index="3">
              <value>
                <![CDATA[NY]]>
              </value>
            </param>
            <param index="4">
              <value>
                <![CDATA[12345]]>
              </value>
            </param>
            <param index="5">
              <value>
                <![CDATA[Visa]]>
              </value>
            </param>
            <param index="6">
              <value>
                <![CDATA[4111111111111111]]>
              </value>
            </param>
            <param index="7">
              <value>
                <![CDATA[John Doe]]>
              </value>
            </param>
          </params>
          <reporter-output>
          </reporter-output>
        </test-method> <!-- testBookingflight -->
        <test-method is-config="true" signature="tearDown()[pri:0, instance:com.blazedemo.tests.FlightBookingTest@742ff096]" started-at="2026-03-21T17:14:44 IST" name="tearDown" finished-at="2026-03-21T17:14:44 IST" duration-ms="863" status="PASS">
          <reporter-output>
          </reporter-output>
        </test-method> <!-- tearDown -->
        <test-method is-config="true" signature="setup()[pri:0, instance:com.blazedemo.tests.FlightBookingTest@742ff096]" started-at="2026-03-21T17:14:44 IST" name="setup" finished-at="2026-03-21T17:14:53 IST" duration-ms="8153" status="PASS">
          <reporter-output>
          </reporter-output>
        </test-method> <!-- setup -->
        <test-method signature="testBookingflight(java.lang.String,java.lang.String,java.lang.String,java.lang.String,java.lang.String,java.lang.String,java.lang.String,java.lang.String)[pri:0, instance:com.blazedemo.tests.FlightBookingTest@742ff096]" started-at="2026-03-21T17:14:53 IST" name="testBookingflight" data-provider="userData" finished-at="2026-03-21T17:14:58 IST" duration-ms="5661" status="PASS">
          <params>
            <param index="0">
              <value>
                <![CDATA[David]]>
              </value>
            </param>
            <param index="1">
              <value>
                <![CDATA[Elm St]]>
              </value>
            </param>
            <param index="2">
              <value>
                <![CDATA[Los Angeles]]>
              </value>
            </param>
            <param index="3">
              <value>
                <![CDATA[LA]]>
              </value>
            </param>
            <param index="4">
              <value>
                <![CDATA[34322]]>
              </value>
            </param>
            <param index="5">
              <value>
                <![CDATA[American Express]]>
              </value>
            </param>
            <param index="6">
              <value>
                <![CDATA[5500000000000004]]>
              </value>
            </param>
            <param index="7">
              <value>
                <![CDATA[David Smith]]>
              </value>
            </param>
          </params>
          <reporter-output>
          </reporter-output>
        </test-method> <!-- testBookingflight -->
        <test-method is-config="true" signature="tearDown()[pri:0, instance:com.blazedemo.tests.FlightBookingTest@742ff096]" started-at="2026-03-21T17:14:58 IST" name="tearDown" finished-at="2026-03-21T17:14:59 IST" duration-ms="449" status="PASS">
          <reporter-output>
          </reporter-output>
        </test-method> <!-- tearDown -->
      </class> <!-- com.blazedemo.tests.FlightBookingTest -->
    </test> <!-- Test -->
  </suite> <!-- Suite -->
</testng-results>
