<?xml version="1.0" encoding="UTF-8"?>
<!-- Generated by org.testng.reporters.JUnitReportReporter -->
<testsuite hostname="Rabi-Probook" failures="0" tests="10" name="com.TestFiles.ContactListApplication" time="16.139" errors="0" timestamp="2026-03-29T11:11:00 IST" skipped="0">
  <testcase classname="com.TestFiles.ContactListApplication" name="testAddNewUser" time="4.706"/>
  <system-out/>
  <testcase classname="com.TestFiles.ContactListApplication" name="testGetUserProfile" time="1.310"/>
  <system-out/>
  <testcase classname="com.TestFiles.ContactListApplication" name="testUpdateUser" time="1.249"/>
  <system-out/>
  <testcase classname="com.TestFiles.ContactListApplication" name="testLoginUser" time="1.287"/>
  <system-out/>
  <testcase classname="com.TestFiles.ContactListApplication" name="testAddContact" time="1.274"/>
  <system-out/>
  <testcase classname="com.TestFiles.ContactListApplication" name="testGetContactList" time="1.330"/>
  <system-out/>
  <testcase classname="com.TestFiles.ContactListApplication" name="testGetContact" time="1.276"/>
  <system-out/>
  <testcase classname="com.TestFiles.ContactListApplication" name="testUpdateContact" time="1.252"/>
  <system-out/>
  <testcase classname="com.TestFiles.ContactListApplication" name="testPartialUpdateContact" time="1.236"/>
  <system-out/>
  <testcase classname="com.TestFiles.ContactListApplication" name="testLogoutUser" time="1.219"/>
  <system-out/>
</testsuite> <!-- com.TestFiles.ContactListApplication -->
