<?xml version="1.0" encoding="UTF-8"?>
<!-- Generated by org.testng.reporters.JUnitReportReporter -->
<testsuite hostname="Rabi-Probook" failures="0" tests="4" name="Tests.LoginPageTest" time="91.158" errors="0" timestamp="2026-03-24T12:52:03 IST" skipped="0">
  <testcase classname="Tests.LoginPageTest" name="testInvalidUsernameAndPassorwd" time="31.099"/>
  <testcase classname="Tests.LoginPageTest" name="testInvaliduserName" time="24.048"/>
  <testcase classname="Tests.LoginPageTest" name="testInvalidPassword" time="19.153"/>
  <testcase classname="Tests.LoginPageTest" name="testValidLogin" time="16.858"/>
</testsuite> <!-- Tests.LoginPageTest -->
