<?xml version="1.0" encoding="UTF-8"?>
<!-- Generated by org.testng.reporters.JUnitReportReporter -->
<testsuite hostname="Rabi-Probook" failures="0" tests="4" name="Tests.CartPageTest" time="80.311" errors="0" timestamp="2026-03-24T12:52:03 IST" skipped="0">
  <testcase classname="Tests.CartPageTest" name="testforMultipleProducts" time="20.242"/>
  <testcase classname="Tests.CartPageTest" name="testforSingleProduct" time="15.044"/>
  <testcase classname="Tests.CartPageTest" name="testforRemoveProduct" time="24.463"/>
  <testcase classname="Tests.CartPageTest" name="testforEmptyCart" time="20.562"/>
</testsuite> <!-- Tests.CartPageTest -->
