<?xml version="1.0" encoding="UTF-8"?>
<!-- Generated by org.testng.reporters.JUnitReportReporter -->
<testsuite hostname="Rabi-Probook" failures="0" tests="2" name="com.blazedemo.tests.FlightBookingTest" time="36.849" errors="0" timestamp="2026-03-21T17:15:00 IST" skipped="0">
  <testcase classname="com.blazedemo.tests.FlightBookingTest" name="testBookingflight" time="14.263"/>
  <testcase classname="com.blazedemo.tests.FlightBookingTest" name="testBookingflight" time="22.586"/>
</testsuite> <!-- com.blazedemo.tests.FlightBookingTest -->
